#-----------------------------------------------------------
# Vivado v2016.2 (64-bit)
# SW Build 1577090 on Thu Jun  2 16:32:35 MDT 2016
# IP Build 1577682 on Fri Jun  3 12:00:54 MDT 2016
# Start of session at: Mon Nov  7 15:24:43 2016
# Process ID: 10006
# Current directory: /afs/athena.mit.edu/user/j/a/jatron/Documents/6.111/6.111-Final-Project
# Command line: vivado
# Log file: /afs/athena.mit.edu/user/j/a/jatron/Documents/6.111/6.111-Final-Project/vivado.log
# Journal file: /afs/athena.mit.edu/user/j/a/jatron/Documents/6.111/6.111-Final-Project/vivado.jou
#-----------------------------------------------------------
start_gui
open_project /afs/athena.mit.edu/user/j/a/jatron/Documents/6.111/6.111-Final-Project/Oscilloscope_v1/Oscilloscope_v1.xpr
Scanning sources...
Finished scanning sources
INFO: [IP_Flow 19-234] Refreshing IP repositories
INFO: [IP_Flow 19-1704] No user IP repositories specified
INFO: [IP_Flow 19-2313] Loaded Vivado IP repository '/var/local/xilinx-local/Vivado/2016.2/data/ip'.
open_project: Time (s): cpu = 00:00:11 ; elapsed = 00:00:07 . Memory (MB): peak = 5882.934 ; gain = 108.957 ; free physical = 1455 ; free virtual = 13493
close [ open /afs/athena.mit.edu/user/j/a/jatron/Documents/6.111/6.111-Final-Project/Oscilloscope_v1/Oscilloscope_v1.srcs/sources_1/new/Grid.v w ]
add_files /afs/athena.mit.edu/user/j/a/jatron/Documents/6.111/6.111-Final-Project/Oscilloscope_v1/Oscilloscope_v1.srcs/sources_1/new/Grid.v
launch_runs synth_1 -jobs 4
[Mon Nov  7 16:19:39 2016] Launched synth_1...
Run output will be captured here: /afs/athena.mit.edu/user/j/a/jatron/Documents/6.111/6.111-Final-Project/Oscilloscope_v1/Oscilloscope_v1.runs/synth_1/runme.log
launch_runs impl_1 -jobs 4
[Mon Nov  7 16:20:21 2016] Launched impl_1...
Run output will be captured here: /afs/athena.mit.edu/user/j/a/jatron/Documents/6.111/6.111-Final-Project/Oscilloscope_v1/Oscilloscope_v1.runs/impl_1/runme.log
launch_runs impl_1 -to_step write_bitstream -jobs 4
[Mon Nov  7 16:23:55 2016] Launched impl_1...
Run output will be captured here: /afs/athena.mit.edu/user/j/a/jatron/Documents/6.111/6.111-Final-Project/Oscilloscope_v1/Oscilloscope_v1.runs/impl_1/runme.log
open_hw
connect_hw_server
INFO: [Labtools 27-2285] Connecting to hw_server url TCP:localhost:3121
INFO: [Labtools 27-2222] Launching hw_server...
INFO: [Labtools 27-2221] Launch Output:

****** Xilinx hw_server v2016.2
  **** Build date : Jun  2 2016-16:54:00
    ** Copyright 1986-2016 Xilinx, Inc. All Rights Reserved.


open_hw_target
INFO: [Labtoolstcl 44-466] Opening hw_target localhost:3121/xilinx_tcf/Digilent/210292646126A
set_property PROGRAM.FILE {/afs/athena.mit.edu/user/j/a/jatron/Documents/6.111/6.111-Final-Project/Oscilloscope_v1/Oscilloscope_v1.runs/impl_1/Oscilloscope_v1.bit} [lindex [get_hw_devices] 0]
current_hw_device [lindex [get_hw_devices] 0]
refresh_hw_device -update_hw_probes false [lindex [get_hw_devices] 0]
INFO: [Labtools 27-1434] Device xc7a100t (JTAG device index = 0) is programmed with a design that has no supported debug core(s) in it.
WARNING: [Labtools 27-3123] The debug hub core was not detected at User Scan Chain 1 or 3.
Resolution: 
1. Make sure the clock connected to the debug hub (dbg_hub) core is a free running clock and is active OR
2. Manually launch hw_server with -e "set xsdb-user-bscan <C_USER_SCAN_CHAIN scan_chain_number>" to detect the debug hub at User Scan Chain of 2 or 4. To determine the user scan chain setting, open the implemented design and use: get_property C_USER_SCAN_CHAIN [get_debug_cores dbg_hub].
set_property PROBES.FILE {} [lindex [get_hw_devices] 0]
set_property PROGRAM.FILE {/afs/athena.mit.edu/user/j/a/jatron/Documents/6.111/6.111-Final-Project/Oscilloscope_v1/Oscilloscope_v1.runs/impl_1/Oscilloscope_v1.bit} [lindex [get_hw_devices] 0]
program_hw_devices [lindex [get_hw_devices] 0]
INFO: [Labtools 27-3164] End of startup status: HIGH
refresh_hw_device [lindex [get_hw_devices] 0]
INFO: [Labtools 27-1434] Device xc7a100t (JTAG device index = 0) is programmed with a design that has no supported debug core(s) in it.
WARNING: [Labtools 27-3123] The debug hub core was not detected at User Scan Chain 1 or 3.
Resolution: 
1. Make sure the clock connected to the debug hub (dbg_hub) core is a free running clock and is active OR
2. Manually launch hw_server with -e "set xsdb-user-bscan <C_USER_SCAN_CHAIN scan_chain_number>" to detect the debug hub at User Scan Chain of 2 or 4. To determine the user scan chain setting, open the implemented design and use: get_property C_USER_SCAN_CHAIN [get_debug_cores dbg_hub].
reset_run synth_1
launch_runs synth_1 -jobs 4
[Mon Nov  7 16:37:56 2016] Launched synth_1...
Run output will be captured here: /afs/athena.mit.edu/user/j/a/jatron/Documents/6.111/6.111-Final-Project/Oscilloscope_v1/Oscilloscope_v1.runs/synth_1/runme.log
launch_runs impl_1 -jobs 4
[Mon Nov  7 16:38:31 2016] Launched impl_1...
Run output will be captured here: /afs/athena.mit.edu/user/j/a/jatron/Documents/6.111/6.111-Final-Project/Oscilloscope_v1/Oscilloscope_v1.runs/impl_1/runme.log
open_run impl_1
INFO: [Netlist 29-17] Analyzing 54 Unisim elements for replacement
INFO: [Netlist 29-28] Unisim Transformation completed in 0 CPU seconds
INFO: [Project 1-479] Netlist was created with Vivado 2016.2
INFO: [Device 21-403] Loading part xc7a100tcsg324-3
INFO: [Common 17-41] Interrupt caught. Command should exit soon.
INFO: [Common 17-344] 'open_run' was cancelled
launch_runs impl_1 -to_step write_bitstream -jobs 4
[Mon Nov  7 16:39:42 2016] Launched impl_1...
Run output will be captured here: /afs/athena.mit.edu/user/j/a/jatron/Documents/6.111/6.111-Final-Project/Oscilloscope_v1/Oscilloscope_v1.runs/impl_1/runme.log
set_property PROBES.FILE {} [lindex [get_hw_devices] 0]
set_property PROGRAM.FILE {/afs/athena.mit.edu/user/j/a/jatron/Documents/6.111/6.111-Final-Project/Oscilloscope_v1/Oscilloscope_v1.runs/impl_1/Oscilloscope_v1.bit} [lindex [get_hw_devices] 0]
program_hw_devices [lindex [get_hw_devices] 0]
INFO: [Labtools 27-3164] End of startup status: HIGH
refresh_hw_device [lindex [get_hw_devices] 0]
INFO: [Labtools 27-1434] Device xc7a100t (JTAG device index = 0) is programmed with a design that has no supported debug core(s) in it.
WARNING: [Labtools 27-3123] The debug hub core was not detected at User Scan Chain 1 or 3.
Resolution: 
1. Make sure the clock connected to the debug hub (dbg_hub) core is a free running clock and is active OR
2. Manually launch hw_server with -e "set xsdb-user-bscan <C_USER_SCAN_CHAIN scan_chain_number>" to detect the debug hub at User Scan Chain of 2 or 4. To determine the user scan chain setting, open the implemented design and use: get_property C_USER_SCAN_CHAIN [get_debug_cores dbg_hub].
reset_run synth_1
launch_runs synth_1 -jobs 4
[Mon Nov  7 16:42:20 2016] Launched synth_1...
Run output will be captured here: /afs/athena.mit.edu/user/j/a/jatron/Documents/6.111/6.111-Final-Project/Oscilloscope_v1/Oscilloscope_v1.runs/synth_1/runme.log
launch_runs impl_1 -jobs 4
[Mon Nov  7 16:42:55 2016] Launched impl_1...
Run output will be captured here: /afs/athena.mit.edu/user/j/a/jatron/Documents/6.111/6.111-Final-Project/Oscilloscope_v1/Oscilloscope_v1.runs/impl_1/runme.log
launch_runs impl_1 -to_step write_bitstream -jobs 4
[Mon Nov  7 16:44:01 2016] Launched impl_1...
Run output will be captured here: /afs/athena.mit.edu/user/j/a/jatron/Documents/6.111/6.111-Final-Project/Oscilloscope_v1/Oscilloscope_v1.runs/impl_1/runme.log
set_property PROBES.FILE {} [lindex [get_hw_devices] 0]
set_property PROGRAM.FILE {/afs/athena.mit.edu/user/j/a/jatron/Documents/6.111/6.111-Final-Project/Oscilloscope_v1/Oscilloscope_v1.runs/impl_1/Oscilloscope_v1.bit} [lindex [get_hw_devices] 0]
program_hw_devices [lindex [get_hw_devices] 0]
INFO: [Labtools 27-3164] End of startup status: HIGH
refresh_hw_device [lindex [get_hw_devices] 0]
INFO: [Labtools 27-1434] Device xc7a100t (JTAG device index = 0) is programmed with a design that has no supported debug core(s) in it.
WARNING: [Labtools 27-3123] The debug hub core was not detected at User Scan Chain 1 or 3.
Resolution: 
1. Make sure the clock connected to the debug hub (dbg_hub) core is a free running clock and is active OR
2. Manually launch hw_server with -e "set xsdb-user-bscan <C_USER_SCAN_CHAIN scan_chain_number>" to detect the debug hub at User Scan Chain of 2 or 4. To determine the user scan chain setting, open the implemented design and use: get_property C_USER_SCAN_CHAIN [get_debug_cores dbg_hub].
