#-----------------------------------------------------------
# Vivado v2016.2 (64-bit)
# SW Build 1577090 on Thu Jun  2 16:32:35 MDT 2016
# IP Build 1577682 on Fri Jun  3 12:00:54 MDT 2016
# Start of session at: Thu Nov  3 14:30:29 2016
# Process ID: 13500
# Current directory: /afs/athena.mit.edu/user/j/a/jatron/Documents/6.111/6.111-Final-Project
# Command line: vivado
# Log file: /afs/athena.mit.edu/user/j/a/jatron/Documents/6.111/6.111-Final-Project/vivado.log
# Journal file: /afs/athena.mit.edu/user/j/a/jatron/Documents/6.111/6.111-Final-Project/vivado.jou
#-----------------------------------------------------------
start_gui
open_project /afs/athena.mit.edu/user/j/a/jatron/Documents/6.111/6.111-Final-Project/Oscilloscope_v1/Oscilloscope_v1.xpr
Scanning sources...
Finished scanning sources
INFO: [IP_Flow 19-234] Refreshing IP repositories
INFO: [IP_Flow 19-1704] No user IP repositories specified
INFO: [IP_Flow 19-2313] Loaded Vivado IP repository '/var/local/xilinx-local/Vivado/2016.2/data/ip'.
WARNING: [IP_Flow 19-2162] IP 'xadc_wiz_0' is locked:
* Current project part 'xc7a100tcsg324-3' and the part 'xc7a100tcsg324-1' used to customize the IP 'xadc_wiz_0' do not match.
Please select 'Report IP Status' from the 'Tools/Report' menu or run Tcl command 'report_ip_status' for more information.
update_compile_order -fileset sources_1
update_compile_order -fileset sources_1
set_property source_mgmt_mode DisplayOnly [current_project]
INFO: [Device 21-403] Loading part xc7a100tcsg324-1
report_ip_status -name ip_status 
export_ip_user_files -of_objects [get_ips  xadc_wiz_0] -no_script -reset -quiet
upgrade_ip -vlnv xilinx.com:ip:xadc_wiz:3.3 [get_ips  xadc_wiz_0] -log ip_upgrade.log
Upgrading 'xadc_wiz_0'
INFO: [Device 21-403] Loading part xc7a100tcsg324-3
INFO: [IP_Flow 19-3420] Updated xadc_wiz_0 to use current project options
INFO: [IP_Flow 19-1686] Generating 'Instantiation Template' target for IP 'xadc_wiz_0'...
INFO: [Coretcl 2-1525] Wrote upgrade log to '/afs/athena.mit.edu/user/j/a/jatron/Documents/6.111/6.111-Final-Project/Oscilloscope_v1/ip_upgrade.log'.
convert_ips [get_files  /afs/athena.mit.edu/user/j/a/jatron/Documents/6.111/6.111-Final-Project/Oscilloscope_v1/Oscilloscope_v1.srcs/sources_1/ip/xadc_wiz_0/xadc_wiz_0.xci]
INFO: [filemgmt 56-106] Converting IP 'xadc_wiz_0' into core container format.
INFO: [filemgmt 56-101] Creating core container '/afs/athena.mit.edu/user/j/a/jatron/Documents/6.111/6.111-Final-Project/Oscilloscope_v1/Oscilloscope_v1.srcs/sources_1/ip/xadc_wiz_0.xcix' for IP 'xadc_wiz_0'
export_ip_user_files -of_objects  [get_files  /afs/athena.mit.edu/user/j/a/jatron/Documents/6.111/6.111-Final-Project/Oscilloscope_v1/Oscilloscope_v1.srcs/sources_1/ip/xadc_wiz_0/xadc_wiz_0.xci] -sync -force -quiet
set_property coreContainer.enable 1 [current_project]
set_property -dict [list CONFIG.DCLK_FREQUENCY {60} CONFIG.ADC_CONVERSION_RATE {1000}] [get_ips xadc_wiz_0]
generate_target all [get_files  /afs/athena.mit.edu/user/j/a/jatron/Documents/6.111/6.111-Final-Project/Oscilloscope_v1/Oscilloscope_v1.srcs/sources_1/ip/xadc_wiz_0/xadc_wiz_0.xci]
INFO: [IP_Flow 19-1686] Generating 'Instantiation Template' target for IP 'xadc_wiz_0'...
INFO: [IP_Flow 19-1686] Generating 'Synthesis' target for IP 'xadc_wiz_0'...
INFO: [IP_Flow 19-1686] Generating 'Simulation' target for IP 'xadc_wiz_0'...
INFO: [IP_Flow 19-1686] Generating 'Miscellaneous' target for IP 'xadc_wiz_0'...
INFO: [IP_Flow 19-1686] Generating 'Change Log' target for IP 'xadc_wiz_0'...
export_ip_user_files -of_objects [get_files /afs/athena.mit.edu/user/j/a/jatron/Documents/6.111/6.111-Final-Project/Oscilloscope_v1/Oscilloscope_v1.srcs/sources_1/ip/xadc_wiz_0/xadc_wiz_0.xci] -no_script -force -quiet
create_ip_run [get_files -of_objects [get_fileset sources_1] /afs/athena.mit.edu/user/j/a/jatron/Documents/6.111/6.111-Final-Project/Oscilloscope_v1/Oscilloscope_v1.srcs/sources_1/ip/xadc_wiz_0/xadc_wiz_0.xci]
launch_run -jobs 4 xadc_wiz_0_synth_1
[Thu Nov  3 15:08:06 2016] Launched xadc_wiz_0_synth_1...
Run output will be captured here: /afs/athena.mit.edu/user/j/a/jatron/Documents/6.111/6.111-Final-Project/Oscilloscope_v1/Oscilloscope_v1.runs/xadc_wiz_0_synth_1/runme.log
export_simulation -of_objects [get_files /afs/athena.mit.edu/user/j/a/jatron/Documents/6.111/6.111-Final-Project/Oscilloscope_v1/Oscilloscope_v1.srcs/sources_1/ip/xadc_wiz_0/xadc_wiz_0.xci] -directory /afs/athena.mit.edu/user/j/a/jatron/Documents/6.111/6.111-Final-Project/Oscilloscope_v1/Oscilloscope_v1.ip_user_files/sim_scripts -ip_user_files_dir /afs/athena.mit.edu/user/j/a/jatron/Documents/6.111/6.111-Final-Project/Oscilloscope_v1/Oscilloscope_v1.ip_user_files -ipstatic_source_dir /afs/athena.mit.edu/user/j/a/jatron/Documents/6.111/6.111-Final-Project/Oscilloscope_v1/Oscilloscope_v1.ip_user_files/ipstatic -force -quiet
report_ip_status -name ip_status 
DADDR_09: 4800	-CLKOUT0 Register 1
DADDR_08: 11c7	-CLKOUT0 Register 2
DADDR_07: 3000	-CLKOUT0 Register Shared with CLKOUT5
DADDR_09: 4800	-CLKOUT0 Register 1
DADDR_08: 11c7	-CLKOUT0 Register 2
DADDR_07: 3000	-CLKOUT0 Register Shared with CLKOUT5

	WARNING: Min duty cycle violation 0.500 < 1.0
	         Changing dutycycle to 1.0


	WARNING: Max duty cycle is 1.0 > 0.0
	         Changing dutycycle to 0.0

DADDR_0A: 1041	-CLKOUT1 Register 1
DADDR_0B: 00c0	-CLKOUT1 Register 2

	WARNING: Min duty cycle violation 0.500 < 1.0
	         Changing dutycycle to 1.0


	WARNING: Max duty cycle is 1.0 > 0.0
	         Changing dutycycle to 0.0

DADDR_0A: 1041	-CLKOUT1 Register 1
DADDR_0B: 00c0	-CLKOUT1 Register 2

	WARNING: Min duty cycle violation 0.500 < 1.0
	         Changing dutycycle to 1.0


	WARNING: Max duty cycle is 1.0 > 0.0
	         Changing dutycycle to 0.0

DADDR_0C: 1041	-CLKOUT2 Register 1
DADDR_0D: 00c0	-CLKOUT2 Register 2

	WARNING: Min duty cycle violation 0.500 < 1.0
	         Changing dutycycle to 1.0


	WARNING: Max duty cycle is 1.0 > 0.0
	         Changing dutycycle to 0.0

DADDR_0C: 1041	-CLKOUT2 Register 1
DADDR_0D: 00c0	-CLKOUT2 Register 2

	WARNING: Min duty cycle violation 0.500 < 1.0
	         Changing dutycycle to 1.0


	WARNING: Max duty cycle is 1.0 > 0.0
	         Changing dutycycle to 0.0

DADDR_0E: 1041	-CLKOUT3 Register 1
DADDR_0F: 00c0	-CLKOUT3 Register 2

	WARNING: Min duty cycle violation 0.500 < 1.0
	         Changing dutycycle to 1.0


	WARNING: Max duty cycle is 1.0 > 0.0
	         Changing dutycycle to 0.0

DADDR_0E: 1041	-CLKOUT3 Register 1
DADDR_0F: 00c0	-CLKOUT3 Register 2

	WARNING: Min duty cycle violation 0.500 < 1.0
	         Changing dutycycle to 1.0


	WARNING: Max duty cycle is 1.0 > 0.0
	         Changing dutycycle to 0.0

DADDR_10: 1041	-CLKOUT4 Register 1
DADDR_11: 00c0	-CLKOUT4 Register 2

	WARNING: Min duty cycle violation 0.500 < 1.0
	         Changing dutycycle to 1.0


	WARNING: Max duty cycle is 1.0 > 0.0
	         Changing dutycycle to 0.0

DADDR_10: 1041	-CLKOUT4 Register 1
DADDR_11: 00c0	-CLKOUT4 Register 2

	WARNING: Min duty cycle violation 0.500 < 1.0
	         Changing dutycycle to 1.0


	WARNING: Max duty cycle is 1.0 > 0.0
	         Changing dutycycle to 0.0

DADDR_06: 1041	-CLKOUT5 Register 1
DADDR_07: 00c0	-CLKOUT5 Register 2

	WARNING: Min duty cycle violation 0.500 < 1.0
	         Changing dutycycle to 1.0


	WARNING: Max duty cycle is 1.0 > 0.0
	         Changing dutycycle to 0.0

DADDR_06: 1041	-CLKOUT5 Register 1
DADDR_07: 00c0	-CLKOUT5 Register 2
DADDR_09: 4800	-CLKOUT0 Register 1
DADDR_08: 11c7	-CLKOUT0 Register 2
DADDR_07: 3000	-CLKOUT0 Register Shared with CLKOUT5

	WARNING: Min duty cycle violation 0.500 < 1.0
	         Changing dutycycle to 1.0


	WARNING: Max duty cycle is 1.0 > 0.0
	         Changing dutycycle to 0.0

DADDR_12: 1041	-CLKOUT6 Register 1
DADDR_13: 00c0	-CLKOUT6 Register 2

	WARNING: Min duty cycle violation 0.500 < 1.0
	         Changing dutycycle to 1.0


	WARNING: Max duty cycle is 1.0 > 0.0
	         Changing dutycycle to 0.0

DADDR_12: 1041	-CLKOUT6 Register 1
DADDR_13: 00c0	-CLKOUT6 Register 2
set_property -dict [list CONFIG.CLKOUT1_REQUESTED_OUT_FREQ {65} CONFIG.MMCM_DIVCLK_DIVIDE {5} CONFIG.MMCM_CLKFBOUT_MULT_F {50.375} CONFIG.MMCM_CLKOUT0_DIVIDE_F {15.500} CONFIG.CLKOUT1_JITTER {254.866} CONFIG.CLKOUT1_PHASE_ERROR {297.890}] [get_ips clk_wiz_0]
DADDR_09: 4800	-CLKOUT0 Register 1
DADDR_08: 11c7	-CLKOUT0 Register 2
DADDR_07: 3000	-CLKOUT0 Register Shared with CLKOUT5
DADDR_09: 4800	-CLKOUT0 Register 1
DADDR_08: 11c7	-CLKOUT0 Register 2
DADDR_07: 3000	-CLKOUT0 Register Shared with CLKOUT5

	WARNING: Min duty cycle violation 0.500 < 1.0
	         Changing dutycycle to 1.0


	WARNING: Max duty cycle is 1.0 > 0.0
	         Changing dutycycle to 0.0

DADDR_0A: 1041	-CLKOUT1 Register 1
DADDR_0B: 00c0	-CLKOUT1 Register 2

	WARNING: Min duty cycle violation 0.500 < 1.0
	         Changing dutycycle to 1.0


	WARNING: Max duty cycle is 1.0 > 0.0
	         Changing dutycycle to 0.0

DADDR_0A: 1041	-CLKOUT1 Register 1
DADDR_0B: 00c0	-CLKOUT1 Register 2

	WARNING: Min duty cycle violation 0.500 < 1.0
	         Changing dutycycle to 1.0


	WARNING: Max duty cycle is 1.0 > 0.0
	         Changing dutycycle to 0.0

DADDR_0C: 1041	-CLKOUT2 Register 1
DADDR_0D: 00c0	-CLKOUT2 Register 2

	WARNING: Min duty cycle violation 0.500 < 1.0
	         Changing dutycycle to 1.0


	WARNING: Max duty cycle is 1.0 > 0.0
	         Changing dutycycle to 0.0

DADDR_0C: 1041	-CLKOUT2 Register 1
DADDR_0D: 00c0	-CLKOUT2 Register 2

	WARNING: Min duty cycle violation 0.500 < 1.0
	         Changing dutycycle to 1.0


	WARNING: Max duty cycle is 1.0 > 0.0
	         Changing dutycycle to 0.0

DADDR_0E: 1041	-CLKOUT3 Register 1
DADDR_0F: 00c0	-CLKOUT3 Register 2

	WARNING: Min duty cycle violation 0.500 < 1.0
	         Changing dutycycle to 1.0


	WARNING: Max duty cycle is 1.0 > 0.0
	         Changing dutycycle to 0.0

DADDR_0E: 1041	-CLKOUT3 Register 1
DADDR_0F: 00c0	-CLKOUT3 Register 2

	WARNING: Min duty cycle violation 0.500 < 1.0
	         Changing dutycycle to 1.0


	WARNING: Max duty cycle is 1.0 > 0.0
	         Changing dutycycle to 0.0

DADDR_10: 1041	-CLKOUT4 Register 1
DADDR_11: 00c0	-CLKOUT4 Register 2

	WARNING: Min duty cycle violation 0.500 < 1.0
	         Changing dutycycle to 1.0


	WARNING: Max duty cycle is 1.0 > 0.0
	         Changing dutycycle to 0.0

DADDR_10: 1041	-CLKOUT4 Register 1
DADDR_11: 00c0	-CLKOUT4 Register 2

	WARNING: Min duty cycle violation 0.500 < 1.0
	         Changing dutycycle to 1.0


	WARNING: Max duty cycle is 1.0 > 0.0
	         Changing dutycycle to 0.0

DADDR_06: 1041	-CLKOUT5 Register 1
DADDR_07: 00c0	-CLKOUT5 Register 2

	WARNING: Min duty cycle violation 0.500 < 1.0
	         Changing dutycycle to 1.0


	WARNING: Max duty cycle is 1.0 > 0.0
	         Changing dutycycle to 0.0

DADDR_06: 1041	-CLKOUT5 Register 1
DADDR_07: 00c0	-CLKOUT5 Register 2
DADDR_09: 4800	-CLKOUT0 Register 1
DADDR_08: 11c7	-CLKOUT0 Register 2
DADDR_07: 3000	-CLKOUT0 Register Shared with CLKOUT5

	WARNING: Min duty cycle violation 0.500 < 1.0
	         Changing dutycycle to 1.0


	WARNING: Max duty cycle is 1.0 > 0.0
	         Changing dutycycle to 0.0

DADDR_12: 1041	-CLKOUT6 Register 1
DADDR_13: 00c0	-CLKOUT6 Register 2

	WARNING: Min duty cycle violation 0.500 < 1.0
	         Changing dutycycle to 1.0


	WARNING: Max duty cycle is 1.0 > 0.0
	         Changing dutycycle to 0.0

DADDR_12: 1041	-CLKOUT6 Register 1
DADDR_13: 00c0	-CLKOUT6 Register 2
report_ip_status -name ip_status 
WARNING: [IP_Flow 19-4067] Ignoring invalid widget type specified checkbox.Providing a default widget
WARNING: [IP_Flow 19-4067] Ignoring invalid widget type specified checkbox.Providing a default widget
set_property -dict [list CONFIG.DCLK_FREQUENCY {65} CONFIG.ADC_CONVERSION_RATE {1000}] [get_ips xadc_wiz_0]
report_ip_status -name ip_status 
WARNING: [IP_Flow 19-4067] Ignoring invalid widget type specified checkbox.Providing a default widget
WARNING: [IP_Flow 19-4067] Ignoring invalid widget type specified checkbox.Providing a default widget
exit
INFO: [Common 17-206] Exiting Vivado at Thu Nov  3 15:44:01 2016...
